<?xml version="1.0" encoding="UTF-8"?>
<!-- Generated by org.testng.reporters.JUnitReportReporter -->
<testsuite skipped="0" hostname="DESKTOP-BIER98A" name="testinguy.appium.main.mainTest" tests="4" failures="0" timestamp="10 may 2019 19:55:29 GMT" time="24.068" errors="0">
  <testcase name="IniciarSesion" time="5.741" classname="testinguy.appium.main.mainTest"/>
  <testcase name="Test_NativeView" time="3.807" classname="testinguy.appium.main.mainTest"/>
  <testcase name="Test_Slider" time="8.187" classname="testinguy.appium.main.mainTest"/>
  <testcase name="Test_DragAndDrop" time="6.333" classname="testinguy.appium.main.mainTest"/>
</testsuite> <!-- testinguy.appium.main.mainTest -->
