<?xml version="1.0" encoding="UTF-8"?>
<!-- Generated by org.testng.reporters.JUnitReportReporter -->
<testsuite skipped="0" hostname="DESKTOP-BIER98A" name="testinguy.appium.main.mainTest" tests="4" failures="0" timestamp="11 may 2019 05:26:06 GMT" time="27.443" errors="0">
  <testcase name="IniciarSesion" time="7.377" classname="testinguy.appium.main.mainTest"/>
  <testcase name="Test_NativeView" time="4.191" classname="testinguy.appium.main.mainTest"/>
  <testcase name="Test_Slider" time="8.873" classname="testinguy.appium.main.mainTest"/>
  <testcase name="Test_DragAndDrop" time="7.002" classname="testinguy.appium.main.mainTest"/>
</testsuite> <!-- testinguy.appium.main.mainTest -->
